<?xml version="1.0" encoding="UTF-8"?>
<testng-results ignored="0" total="1" passed="1" failed="0" skipped="0">
  <reporter-output>
  </reporter-output>
  <suite started-at="2020-04-27T17:33:35 MSK" name="Surefire suite" finished-at="2020-04-27T17:33:41 MSK" duration-ms="5787">
    <groups>
    </groups>
    <test started-at="2020-04-27T17:33:35 MSK" name="Surefire test" finished-at="2020-04-27T17:33:41 MSK" duration-ms="5787">
      <class name="com.mali.AppTest">
        <test-method signature="AppTests()" started-at="2020-04-27T17:33:35 MSK" name="AppTests" finished-at="2020-04-27T17:33:41 MSK" duration-ms="5714" status="PASS">
          <reporter-output>
          </reporter-output>
        </test-method> <!-- AppTests -->
      </class> <!-- com.mali.AppTest -->
    </test> <!-- Surefire test -->
  </suite> <!-- Surefire suite -->
</testng-results>
